<?xml version="1.0" encoding="UTF-8"?>
<testng-results ignored="0" total="1" passed="1" failed="0" skipped="0">
  <reporter-output>
  </reporter-output>
  <suite started-at="2023-08-08T21:10:11 CEST" name="Default suite" finished-at="2023-08-08T21:10:16 CEST" duration-ms="5033">
    <groups>
    </groups>
    <test started-at="2023-08-08T21:10:11 CEST" name="Default test" finished-at="2023-08-08T21:10:16 CEST" duration-ms="5033">
      <class name="tests.WelcomePage">
        <test-method is-config="true" signature="initEnv()[pri:0, instance:tests.WelcomePage@74d1dc36]" started-at="2023-08-08T21:10:11 CEST" name="initEnv" finished-at="2023-08-08T21:10:13 CEST" duration-ms="1955" status="PASS">
          <reporter-output>
          </reporter-output>
        </test-method> <!-- initEnv -->
        <test-method signature="checkWrongCredentials()[pri:0, instance:tests.WelcomePage@74d1dc36]" started-at="2023-08-08T21:10:13 CEST" name="checkWrongCredentials" finished-at="2023-08-08T21:10:16 CEST" duration-ms="3037" status="PASS">
          <reporter-output>
          </reporter-output>
        </test-method> <!-- checkWrongCredentials -->
        <test-method is-config="true" signature="closeEnv()[pri:0, instance:tests.WelcomePage@74d1dc36]" started-at="2023-08-08T21:10:16 CEST" name="closeEnv" finished-at="2023-08-08T21:10:16 CEST" duration-ms="1" status="PASS">
          <reporter-output>
          </reporter-output>
        </test-method> <!-- closeEnv -->
      </class> <!-- tests.WelcomePage -->
    </test> <!-- Default test -->
  </suite> <!-- Default suite -->
</testng-results>
