<?xml version="1.0" encoding="UTF-8"?>
<testng-results ignored="0" total="1" passed="1" failed="0" skipped="0">
  <reporter-output>
  </reporter-output>
  <suite started-at="2023-08-08T21:36:43 CEST" name="Default suite" finished-at="2023-08-08T21:36:48 CEST" duration-ms="4886">
    <groups>
    </groups>
    <test started-at="2023-08-08T21:36:43 CEST" name="Default test" finished-at="2023-08-08T21:36:48 CEST" duration-ms="4886">
      <class name="tests.WelcomePage">
        <test-method is-config="true" signature="initEnv()[pri:0, instance:tests.WelcomePage@1ca3b418]" started-at="2023-08-08T21:36:43 CEST" name="initEnv" finished-at="2023-08-08T21:36:45 CEST" duration-ms="1861" status="PASS">
          <reporter-output>
          </reporter-output>
        </test-method> <!-- initEnv -->
        <test-method signature="checkWrongCredentials()[pri:0, instance:tests.WelcomePage@1ca3b418]" started-at="2023-08-08T21:36:45 CEST" name="checkWrongCredentials" finished-at="2023-08-08T21:36:48 CEST" duration-ms="2990" status="PASS">
          <reporter-output>
          </reporter-output>
        </test-method> <!-- checkWrongCredentials -->
        <test-method is-config="true" signature="closeEnv()[pri:0, instance:tests.WelcomePage@1ca3b418]" started-at="2023-08-08T21:36:48 CEST" name="closeEnv" finished-at="2023-08-08T21:36:48 CEST" duration-ms="0" status="PASS">
          <reporter-output>
          </reporter-output>
        </test-method> <!-- closeEnv -->
      </class> <!-- tests.WelcomePage -->
    </test> <!-- Default test -->
  </suite> <!-- Default suite -->
</testng-results>
